1619952049032:clear
1619952055055:exit
1619955291230:create movie "Sprited Away" animation 125
1619955307041:exit
1619955425214:create movie "Sprited Away" animation 125
1619955433640:exit
1619955459333:create movie "Sprited Away" animation 125
1619955471792:list movies
1619955786416:exit
1619955934288:list movies
1619955938933:exit
1619956789220:create movie Sátántangó drama 450
1619956798231:list movies
1619956816863:exit
1619957373704:create movie Sátántangó drama 450
1619957377012:list movies
1619957396684:delete movie Sátántangó
1619957402318:list movies
1619957408034:exit
1619958862270:create movie Sátántangó drama 450
1619958866170:list movies
1619958879555:update movie Sátántangó action 470
1619958883132:list movies
1619958894305:exit
1619958924805:create movie Sátántangó drama 450
1619958927297:list movies
1619958939212:update movie Sátántangó action 470
1619958942085:list movies
1619958948326:exit
1619959072549:create movie Sátántangó drama 450
1619959076959:list movies
1619959093473:create movie Asdlol action 370
1619959096179:list movies
1619959119481:update movie Asdlol loik 329
1619959121872:list movies
1619959134496:delete movie Asdlol
1619959136753:list movies
1619959149816:delete movie Sátántangó
1619959152323:list movies
1619959155847:exit
1620021525989:create movie Sátántangó drama 450
1620021529628:list movies
1620021539870:update movie Sátántangó action 320
1620021544504:list movies
1620021553542:delete movie Sátántangó
1620021556612:list movies
1620021559714:exit
1620021995091:list movies
1620021998936:exit
